# JRE version: Java(TM) SE Runtime Environment (8.0_121-b13) (build 1.8.0_121-b13)
# Java VM: Java HotSpot(TM) 64-Bit Server VM (25.121-b13 mixed mode windows-amd64 compressed oops)
Heap:
 PSYoungGen      total 135680K, used 2423K [0x00000000d8500000, 0x00000000e9600000, 0x0000000100000000)
  eden space 122368K, 1% used [0x00000000d8500000,0x00000000d875dc10,0x00000000dfc80000)
  from space 13312K, 0% used [0x00000000dfc80000,0x00000000dfc80000,0x00000000e0980000)
  to   space 17408K, 0% used [0x00000000e8500000,0x00000000e8500000,0x00000000e9600000)
 ParOldGen       total 83968K, used 27337K [0x0000000088e00000, 0x000000008e000000, 0x00000000d8500000)
  object space 83968K, 32% used [0x0000000088e00000,0x000000008a8b2758,0x000000008e000000)
 Metaspace       used 20728K, capacity 21416K, committed 21552K, reserved 1069056K
  class space    used 2437K, capacity 2656K, committed 2688K, reserved 1048576K
GC Heap History (10 events):
Event: 2.174 GC heap before
{Heap before GC invocations=4 (full 0):
 PSYoungGen      total 35840K, used 35834K [0x00000000d8500000, 0x00000000dcb00000, 0x0000000100000000)
  eden space 30720K, 100% used [0x00000000d8500000,0x00000000da300000,0x00000000da300000)
  from space 5120K, 99% used [0x00000000da300000,0x00000000da7fe970,0x00000000da800000)
  to   space 5120K, 0% used [0x00000000dc600000,0x00000000dc600000,0x00000000dcb00000)
 ParOldGen       total 81920K, used 3480K [0x0000000088e00000, 0x000000008de00000, 0x00000000d8500000)
  object space 81920K, 4% used [0x0000000088e00000,0x0000000089166230,0x000000008de00000)
 Metaspace       used 15586K, capacity 15898K, committed 16128K, reserved 1062912K
  class space    used 1889K, capacity 1977K, committed 2048K, reserved 1048576K
Event: 2.186 GC heap after
Heap after GC invocations=4 (full 0):
 PSYoungGen      total 66560K, used 5096K [0x00000000d8500000, 0x00000000dcb00000, 0x0000000100000000)
  eden space 61440K, 0% used [0x00000000d8500000,0x00000000d8500000,0x00000000dc100000)
  from space 5120K, 99% used [0x00000000dc600000,0x00000000dcafa020,0x00000000dcb00000)
  to   space 5120K, 0% used [0x00000000dc100000,0x00000000dc100000,0x00000000dc600000)
 ParOldGen       total 81920K, used 8385K [0x0000000088e00000, 0x000000008de00000, 0x00000000d8500000)
  object space 81920K, 10% used [0x0000000088e00000,0x0000000089630580,0x000000008de00000)
 Metaspace       used 15586K, capacity 15898K, committed 16128K, reserved 1062912K
  class space    used 1889K, capacity 1977K, committed 2048K, reserved 1048576K
}
Event: 2.679 GC heap before
{Heap before GC invocations=5 (full 0):
 PSYoungGen      total 66560K, used 66536K [0x00000000d8500000, 0x00000000dcb00000, 0x0000000100000000)
  eden space 61440K, 100% used [0x00000000d8500000,0x00000000dc100000,0x00000000dc100000)
  from space 5120K, 99% used [0x00000000dc600000,0x00000000dcafa020,0x00000000dcb00000)
  to   space 5120K, 0% used [0x00000000dc100000,0x00000000dc100000,0x00000000dc600000)
 ParOldGen       total 81920K, used 8385K [0x0000000088e00000, 0x000000008de00000, 0x00000000d8500000)
  object space 81920K, 10% used [0x0000000088e00000,0x0000000089630580,0x000000008de00000)
 Metaspace       used 16117K, capacity 16466K, committed 16640K, reserved 1064960K
  class space    used 1925K, capacity 2013K, committed 2048K, reserved 1048576K
Event: 2.697 GC heap after
Heap after GC invocations=5 (full 0):
 PSYoungGen      total 66560K, used 5112K [0x00000000d8500000, 0x00000000e1600000, 0x0000000100000000)
  eden space 61440K, 0% used [0x00000000d8500000,0x00000000d8500000,0x00000000dc100000)
  from space 5120K, 99% used [0x00000000dc100000,0x00000000dc5fe050,0x00000000dc600000)
  to   space 12800K, 0% used [0x00000000e0980000,0x00000000e0980000,0x00000000e1600000)
 ParOldGen       total 81920K, used 14546K [0x0000000088e00000, 0x000000008de00000, 0x00000000d8500000)
  object space 81920K, 17% used [0x0000000088e00000,0x0000000089c34980,0x000000008de00000)
 Metaspace       used 16117K, capacity 16466K, committed 16640K, reserved 1064960K
  class space    used 1925K, capacity 2013K, committed 2048K, reserved 1048576K
}
Event: 3.207 GC heap before
{Heap before GC invocations=6 (full 0):
 PSYoungGen      total 66560K, used 66552K [0x00000000d8500000, 0x00000000e1600000, 0x0000000100000000)
  eden space 61440K, 100% used [0x00000000d8500000,0x00000000dc100000,0x00000000dc100000)
  from space 5120K, 99% used [0x00000000dc100000,0x00000000dc5fe050,0x00000000dc600000)
  to   space 12800K, 0% used [0x00000000e0980000,0x00000000e0980000,0x00000000e1600000)
 ParOldGen       total 81920K, used 14546K [0x0000000088e00000, 0x000000008de00000, 0x00000000d8500000)
  object space 81920K, 17% used [0x0000000088e00000,0x0000000089c34980,0x000000008de00000)
 Metaspace       used 16539K, capacity 16924K, committed 17280K, reserved 1064960K
  class space    used 1944K, capacity 2052K, committed 2176K, reserved 1048576K
Event: 3.226 GC heap after
Heap after GC invocations=6 (full 0):
 PSYoungGen      total 135168K, used 10168K [0x00000000d8500000, 0x00000000e1700000, 0x0000000100000000)
  eden space 122368K, 0% used [0x00000000d8500000,0x00000000d8500000,0x00000000dfc80000)
  from space 12800K, 79% used [0x00000000e0980000,0x00000000e136e030,0x00000000e1600000)
  to   space 13312K, 0% used [0x00000000dfc80000,0x00000000dfc80000,0x00000000e0980000)
 ParOldGen       total 81920K, used 14554K [0x0000000088e00000, 0x000000008de00000, 0x00000000d8500000)
  object space 81920K, 17% used [0x0000000088e00000,0x0000000089c36980,0x000000008de00000)
 Metaspace       used 16539K, capacity 16924K, committed 17280K, reserved 1064960K
  class space    used 1944K, capacity 2052K, committed 2176K, reserved 1048576K
}
Event: 4.478 GC heap before
{Heap before GC invocations=7 (full 0):
 PSYoungGen      total 135168K, used 129865K [0x00000000d8500000, 0x00000000e1700000, 0x0000000100000000)
  eden space 122368K, 97% used [0x00000000d8500000,0x00000000df9e45d0,0x00000000dfc80000)
  from space 12800K, 79% used [0x00000000e0980000,0x00000000e136e030,0x00000000e1600000)
  to   space 13312K, 0% used [0x00000000dfc80000,0x00000000dfc80000,0x00000000e0980000)
 ParOldGen       total 81920K, used 14554K [0x0000000088e00000, 0x000000008de00000, 0x00000000d8500000)
  object space 81920K, 17% used [0x0000000088e00000,0x0000000089c36980,0x000000008de00000)
 Metaspace       used 20454K, capacity 21098K, committed 21296K, reserved 1069056K
  class space    used 2401K, capacity 2617K, committed 2688K, reserved 1048576K
Event: 4.501 GC heap after
Heap after GC invocations=7 (full 0):
 PSYoungGen      total 135680K, used 13312K [0x00000000d8500000, 0x00000000e9600000, 0x0000000100000000)
  eden space 122368K, 0% used [0x00000000d8500000,0x00000000d8500000,0x00000000dfc80000)
  from space 13312K, 100% used [0x00000000dfc80000,0x00000000e0980000,0x00000000e0980000)
  to   space 17408K, 0% used [0x00000000e8500000,0x00000000e8500000,0x00000000e9600000)
 ParOldGen       total 81920K, used 19219K [0x0000000088e00000, 0x000000008de00000, 0x00000000d8500000)
  object space 81920K, 23% used [0x0000000088e00000,0x000000008a0c4d28,0x000000008de00000)
 Metaspace       used 20454K, capacity 21098K, committed 21296K, reserved 1069056K
  class space    used 2401K, capacity 2617K, committed 2688K, reserved 1048576K
}
Event: 4.501 GC heap before
{Heap before GC invocations=8 (full 1):
 PSYoungGen      total 135680K, used 13312K [0x00000000d8500000, 0x00000000e9600000, 0x0000000100000000)
  eden space 122368K, 0% used [0x00000000d8500000,0x00000000d8500000,0x00000000dfc80000)
  from space 13312K, 100% used [0x00000000dfc80000,0x00000000e0980000,0x00000000e0980000)
  to   space 17408K, 0% used [0x00000000e8500000,0x00000000e8500000,0x00000000e9600000)
 ParOldGen       total 81920K, used 19219K [0x0000000088e00000, 0x000000008de00000, 0x00000000d8500000)
  object space 81920K, 23% used [0x0000000088e00000,0x000000008a0c4d28,0x000000008de00000)
 Metaspace       used 20454K, capacity 21098K, committed 21296K, reserved 1069056K
  class space    used 2401K, capacity 2617K, committed 2688K, reserved 1048576K
Event: 4.651 GC heap after
Heap after GC invocations=8 (full 1):
 PSYoungGen      total 135680K, used 0K [0x00000000d8500000, 0x00000000e9600000, 0x0000000100000000)
  eden space 122368K, 0% used [0x00000000d8500000,0x00000000d8500000,0x00000000dfc80000)
  from space 13312K, 0% used [0x00000000dfc80000,0x00000000dfc80000,0x00000000e0980000)
  to   space 17408K, 0% used [0x00000000e8500000,0x00000000e8500000,0x00000000e9600000)
 ParOldGen       total 83968K, used 27337K [0x0000000088e00000, 0x000000008e000000, 0x00000000d8500000)
  object space 83968K, 32% used [0x0000000088e00000,0x000000008a8b2758,0x000000008e000000)
 Metaspace       used 20454K, capacity 21098K, committed 21296K, reserved 1069056K
  class space    used 2401K, capacity 2617K, committed 2688K, reserved 1048576K
}

