# JRE version: Java(TM) SE Runtime Environment (8.0_121-b13) (build 1.8.0_121-b13)
# Java VM: Java HotSpot(TM) 64-Bit Server VM (25.121-b13 mixed mode windows-amd64 compressed oops)
Heap:
 PSYoungGen      total 63488K, used 25372K [0x00000000d8500000, 0x00000000def80000, 0x0000000100000000)
  eden space 58368K, 34% used [0x00000000d8500000,0x00000000d98c7b50,0x00000000dbe00000)
  from space 5120K, 99% used [0x00000000dc600000,0x00000000dcaff590,0x00000000dcb00000)
  to   space 8192K, 0% used [0x00000000dbe00000,0x00000000dbe00000,0x00000000dc600000)
 ParOldGen       total 54784K, used 8339K [0x0000000088e00000, 0x000000008c380000, 0x00000000d8500000)
  object space 54784K, 15% used [0x0000000088e00000,0x0000000089624d60,0x000000008c380000)
 Metaspace       used 25390K, capacity 26928K, committed 27136K, reserved 1073152K
  class space    used 3410K, capacity 3728K, committed 3840K, reserved 1048576K
GC Heap History (10 events):
Event: 1.933 GC heap before
{Heap before GC invocations=3 (full 0):
 PSYoungGen      total 35840K, used 35695K [0x00000000d8500000, 0x00000000dcb00000, 0x0000000100000000)
  eden space 30720K, 100% used [0x00000000d8500000,0x00000000da300000,0x00000000da300000)
  from space 5120K, 97% used [0x00000000da800000,0x00000000dacdbe48,0x00000000dad00000)
  to   space 5120K, 0% used [0x00000000da300000,0x00000000da300000,0x00000000da800000)
 ParOldGen       total 81920K, used 24K [0x0000000088e00000, 0x000000008de00000, 0x00000000d8500000)
  object space 81920K, 0% used [0x0000000088e00000,0x0000000088e06000,0x000000008de00000)
 Metaspace       used 15334K, capacity 16396K, committed 16640K, reserved 1062912K
  class space    used 1957K, capacity 2178K, committed 2304K, reserved 1048576K
Event: 1.941 GC heap after
Heap after GC invocations=3 (full 0):
 PSYoungGen      total 35840K, used 5106K [0x00000000d8500000, 0x00000000dcb00000, 0x0000000100000000)
  eden space 30720K, 0% used [0x00000000d8500000,0x00000000d8500000,0x00000000da300000)
  from space 5120K, 99% used [0x00000000da300000,0x00000000da7fcbc0,0x00000000da800000)
  to   space 5120K, 0% used [0x00000000dc600000,0x00000000dc600000,0x00000000dcb00000)
 ParOldGen       total 81920K, used 847K [0x0000000088e00000, 0x000000008de00000, 0x00000000d8500000)
  object space 81920K, 1% used [0x0000000088e00000,0x0000000088ed3f30,0x000000008de00000)
 Metaspace       used 15334K, capacity 16396K, committed 16640K, reserved 1062912K
  class space    used 1957K, capacity 2178K, committed 2304K, reserved 1048576K
}
Event: 2.327 GC heap before
{Heap before GC invocations=4 (full 0):
 PSYoungGen      total 35840K, used 35826K [0x00000000d8500000, 0x00000000dcb00000, 0x0000000100000000)
  eden space 30720K, 100% used [0x00000000d8500000,0x00000000da300000,0x00000000da300000)
  from space 5120K, 99% used [0x00000000da300000,0x00000000da7fcbc0,0x00000000da800000)
  to   space 5120K, 0% used [0x00000000dc600000,0x00000000dc600000,0x00000000dcb00000)
 ParOldGen       total 81920K, used 847K [0x0000000088e00000, 0x000000008de00000, 0x00000000d8500000)
  object space 81920K, 1% used [0x0000000088e00000,0x0000000088ed3f30,0x000000008de00000)
 Metaspace       used 17582K, capacity 18866K, committed 19072K, reserved 1064960K
  class space    used 2379K, capacity 2639K, committed 2688K, reserved 1048576K
Event: 2.334 GC heap after
Heap after GC invocations=4 (full 0):
 PSYoungGen      total 66560K, used 5101K [0x00000000d8500000, 0x00000000dcb00000, 0x0000000100000000)
  eden space 61440K, 0% used [0x00000000d8500000,0x00000000d8500000,0x00000000dc100000)
  from space 5120K, 99% used [0x00000000dc600000,0x00000000dcafb720,0x00000000dcb00000)
  to   space 5120K, 0% used [0x00000000dc100000,0x00000000dc100000,0x00000000dc600000)
 ParOldGen       total 81920K, used 1899K [0x0000000088e00000, 0x000000008de00000, 0x00000000d8500000)
  object space 81920K, 2% used [0x0000000088e00000,0x0000000088fdaed8,0x000000008de00000)
 Metaspace       used 17582K, capacity 18866K, committed 19072K, reserved 1064960K
  class space    used 2379K, capacity 2639K, committed 2688K, reserved 1048576K
}
Event: 2.527 GC heap before
{Heap before GC invocations=5 (full 0):
 PSYoungGen      total 66560K, used 36935K [0x00000000d8500000, 0x00000000dcb00000, 0x0000000100000000)
  eden space 61440K, 51% used [0x00000000d8500000,0x00000000da4166a8,0x00000000dc100000)
  from space 5120K, 99% used [0x00000000dc600000,0x00000000dcafb720,0x00000000dcb00000)
  to   space 5120K, 0% used [0x00000000dc100000,0x00000000dc100000,0x00000000dc600000)
 ParOldGen       total 81920K, used 1899K [0x0000000088e00000, 0x000000008de00000, 0x00000000d8500000)
  object space 81920K, 2% used [0x0000000088e00000,0x0000000088fdaed8,0x000000008de00000)
 Metaspace       used 19797K, capacity 21082K, committed 21248K, reserved 1067008K
  class space    used 2699K, capacity 2959K, committed 3072K, reserved 1048576K
Event: 2.535 GC heap after
Heap after GC invocations=5 (full 0):
 PSYoungGen      total 66560K, used 5114K [0x00000000d8500000, 0x00000000dcb00000, 0x0000000100000000)
  eden space 61440K, 0% used [0x00000000d8500000,0x00000000d8500000,0x00000000dc100000)
  from space 5120K, 99% used [0x00000000dc100000,0x00000000dc5fea40,0x00000000dc600000)
  to   space 5120K, 0% used [0x00000000dc600000,0x00000000dc600000,0x00000000dcb00000)
 ParOldGen       total 81920K, used 3970K [0x0000000088e00000, 0x000000008de00000, 0x00000000d8500000)
  object space 81920K, 4% used [0x0000000088e00000,0x00000000891e0be8,0x000000008de00000)
 Metaspace       used 19797K, capacity 21082K, committed 21248K, reserved 1067008K
  class space    used 2699K, capacity 2959K, committed 3072K, reserved 1048576K
}
Event: 2.535 GC heap before
{Heap before GC invocations=6 (full 1):
 PSYoungGen      total 66560K, used 5114K [0x00000000d8500000, 0x00000000dcb00000, 0x0000000100000000)
  eden space 61440K, 0% used [0x00000000d8500000,0x00000000d8500000,0x00000000dc100000)
  from space 5120K, 99% used [0x00000000dc100000,0x00000000dc5fea40,0x00000000dc600000)
  to   space 5120K, 0% used [0x00000000dc600000,0x00000000dc600000,0x00000000dcb00000)
 ParOldGen       total 81920K, used 3970K [0x0000000088e00000, 0x000000008de00000, 0x00000000d8500000)
  object space 81920K, 4% used [0x0000000088e00000,0x00000000891e0be8,0x000000008de00000)
 Metaspace       used 19797K, capacity 21082K, committed 21248K, reserved 1067008K
  class space    used 2699K, capacity 2959K, committed 3072K, reserved 1048576K
Event: 2.579 GC heap after
Heap after GC invocations=6 (full 1):
 PSYoungGen      total 66560K, used 0K [0x00000000d8500000, 0x00000000dcb00000, 0x0000000100000000)
  eden space 61440K, 0% used [0x00000000d8500000,0x00000000d8500000,0x00000000dc100000)
  from space 5120K, 0% used [0x00000000dc100000,0x00000000dc100000,0x00000000dc600000)
  to   space 5120K, 0% used [0x00000000dc600000,0x00000000dc600000,0x00000000dcb00000)
 ParOldGen       total 54784K, used 7060K [0x0000000088e00000, 0x000000008c380000, 0x00000000d8500000)
  object space 54784K, 12% used [0x0000000088e00000,0x00000000894e50d0,0x000000008c380000)
 Metaspace       used 19797K, capacity 21082K, committed 21248K, reserved 1067008K
  class space    used 2699K, capacity 2959K, committed 3072K, reserved 1048576K
}
Event: 3.084 GC heap before
{Heap before GC invocations=7 (full 1):
 PSYoungGen      total 66560K, used 61440K [0x00000000d8500000, 0x00000000dcb00000, 0x0000000100000000)
  eden space 61440K, 100% used [0x00000000d8500000,0x00000000dc100000,0x00000000dc100000)
  from space 5120K, 0% used [0x00000000dc100000,0x00000000dc100000,0x00000000dc600000)
  to   space 5120K, 0% used [0x00000000dc600000,0x00000000dc600000,0x00000000dcb00000)
 ParOldGen       total 54784K, used 7060K [0x0000000088e00000, 0x000000008c380000, 0x00000000d8500000)
  object space 54784K, 12% used [0x0000000088e00000,0x00000000894e50d0,0x000000008c380000)
 Metaspace       used 24839K, capacity 26306K, committed 26496K, reserved 1073152K
  class space    used 3341K, capacity 3649K, committed 3712K, reserved 1048576K
Event: 3.089 GC heap after
Heap after GC invocations=7 (full 1):
 PSYoungGen      total 63488K, used 5117K [0x00000000d8500000, 0x00000000def80000, 0x0000000100000000)
  eden space 58368K, 0% used [0x00000000d8500000,0x00000000d8500000,0x00000000dbe00000)
  from space 5120K, 99% used [0x00000000dc600000,0x00000000dcaff590,0x00000000dcb00000)
  to   space 8192K, 0% used [0x00000000dbe00000,0x00000000dbe00000,0x00000000dc600000)
 ParOldGen       total 54784K, used 8339K [0x0000000088e00000, 0x000000008c380000, 0x00000000d8500000)
  object space 54784K, 15% used [0x0000000088e00000,0x0000000089624d60,0x000000008c380000)
 Metaspace       used 24839K, capacity 26306K, committed 26496K, reserved 1073152K
  class space    used 3341K, capacity 3649K, committed 3712K, reserved 1048576K
}

